<?xml version="1.0" encoding="UTF-8"?>
<testng-results ignored="0" total="11" passed="9" failed="2" skipped="0">
  <reporter-output>
  </reporter-output>
  <suite started-at="2021-10-13T16:21:53 IST" name="Default suite" finished-at="2021-10-13T16:22:30 IST" duration-ms="37031">
    <groups>
    </groups>
    <test started-at="2021-10-13T16:21:53 IST" name="Default test" finished-at="2021-10-13T16:22:30 IST" duration-ms="37031">
      <class name="com.ebanking.master.Exepom">
        <test-method signature="AdLogin()[pri:0, instance:com.ebanking.master.Exepom@378542de]" started-at="2021-10-13T16:21:53 IST" name="AdLogin" finished-at="2021-10-13T16:22:05 IST" duration-ms="12400" status="PASS">
          <reporter-output>
          </reporter-output>
        </test-method> <!-- AdLogin -->
        <test-method signature="Brcreation(java.lang.String,java.lang.String,java.lang.String,java.lang.String,java.lang.String,java.lang.String,java.lang.String)[pri:0, instance:com.ebanking.master.Exepom@378542de]" started-at="2021-10-13T16:22:05 IST" name="Brcreation" data-provider="Bdata" finished-at="2021-10-13T16:22:08 IST" duration-ms="2527" status="PASS">
          <params>
            <param index="0">
              <value>
                <![CDATA[mqsrnagar]]>
              </value>
            </param>
            <param index="1">
              <value>
                <![CDATA[srnagar]]>
              </value>
            </param>
            <param index="2">
              <value>
                <![CDATA[ameerpet]]>
              </value>
            </param>
            <param index="3">
              <value>
                <![CDATA[12390]]>
              </value>
            </param>
            <param index="4">
              <value>
                <![CDATA[INDIA]]>
              </value>
            </param>
            <param index="5">
              <value>
                <![CDATA[GOA]]>
              </value>
            </param>
            <param index="6">
              <value>
                <![CDATA[GOA]]>
              </value>
            </param>
          </params>
          <reporter-output>
          </reporter-output>
        </test-method> <!-- Brcreation -->
        <test-method signature="Brcreation(java.lang.String,java.lang.String,java.lang.String,java.lang.String,java.lang.String,java.lang.String,java.lang.String)[pri:0, instance:com.ebanking.master.Exepom@378542de]" started-at="2021-10-13T16:22:08 IST" name="Brcreation" data-provider="Bdata" finished-at="2021-10-13T16:22:10 IST" duration-ms="2391" status="PASS">
          <params>
            <param index="0">
              <value>
                <![CDATA[mqjntuh]]>
              </value>
            </param>
            <param index="1">
              <value>
                <![CDATA[jntuh]]>
              </value>
            </param>
            <param index="2">
              <value>
                <![CDATA[kphbjutuh]]>
              </value>
            </param>
            <param index="3">
              <value>
                <![CDATA[15790]]>
              </value>
            </param>
            <param index="4">
              <value>
                <![CDATA[INDIA]]>
              </value>
            </param>
            <param index="5">
              <value>
                <![CDATA[GOA]]>
              </value>
            </param>
            <param index="6">
              <value>
                <![CDATA[GOA]]>
              </value>
            </param>
          </params>
          <reporter-output>
          </reporter-output>
        </test-method> <!-- Brcreation -->
        <test-method signature="Brcreation(java.lang.String,java.lang.String,java.lang.String,java.lang.String,java.lang.String,java.lang.String,java.lang.String)[pri:0, instance:com.ebanking.master.Exepom@378542de]" started-at="2021-10-13T16:22:10 IST" name="Brcreation" data-provider="Bdata" finished-at="2021-10-13T16:22:12 IST" duration-ms="2272" status="PASS">
          <params>
            <param index="0">
              <value>
                <![CDATA[mqkhaitat]]>
              </value>
            </param>
            <param index="1">
              <value>
                <![CDATA[khairatabad]]>
              </value>
            </param>
            <param index="2">
              <value>
                <![CDATA[madhapur]]>
              </value>
            </param>
            <param index="3">
              <value>
                <![CDATA[18390]]>
              </value>
            </param>
            <param index="4">
              <value>
                <![CDATA[INDIA]]>
              </value>
            </param>
            <param index="5">
              <value>
                <![CDATA[GOA]]>
              </value>
            </param>
            <param index="6">
              <value>
                <![CDATA[GOA]]>
              </value>
            </param>
          </params>
          <reporter-output>
          </reporter-output>
        </test-method> <!-- Brcreation -->
        <test-method signature="Creation(java.lang.String,java.lang.String,java.lang.String)[pri:0, instance:com.ebanking.master.Exepom@378542de]" started-at="2021-10-13T16:22:12 IST" name="Creation" data-provider="Rdata" finished-at="2021-10-13T16:22:14 IST" duration-ms="2062" status="PASS">
          <params>
            <param index="0">
              <value>
                <![CDATA[mqclerk]]>
              </value>
            </param>
            <param index="1">
              <value>
                <![CDATA[Clerk]]>
              </value>
            </param>
            <param index="2">
              <value>
                <![CDATA[E]]>
              </value>
            </param>
          </params>
          <reporter-output>
          </reporter-output>
        </test-method> <!-- Creation -->
        <test-method signature="Creation(java.lang.String,java.lang.String,java.lang.String)[pri:0, instance:com.ebanking.master.Exepom@378542de]" started-at="2021-10-13T16:22:14 IST" name="Creation" data-provider="Rdata" finished-at="2021-10-13T16:22:16 IST" duration-ms="1533" status="PASS">
          <params>
            <param index="0">
              <value>
                <![CDATA[mqsclerk]]>
              </value>
            </param>
            <param index="1">
              <value>
                <![CDATA[Clerk]]>
              </value>
            </param>
            <param index="2">
              <value>
                <![CDATA[E]]>
              </value>
            </param>
          </params>
          <reporter-output>
          </reporter-output>
        </test-method> <!-- Creation -->
        <test-method signature="Creation(java.lang.String,java.lang.String,java.lang.String)[pri:0, instance:com.ebanking.master.Exepom@378542de]" started-at="2021-10-13T16:22:16 IST" name="Creation" data-provider="Rdata" finished-at="2021-10-13T16:22:18 IST" duration-ms="1614" status="PASS">
          <params>
            <param index="0">
              <value>
                <![CDATA[mnpclerk]]>
              </value>
            </param>
            <param index="1">
              <value>
                <![CDATA[Clerk]]>
              </value>
            </param>
            <param index="2">
              <value>
                <![CDATA[E]]>
              </value>
            </param>
          </params>
          <reporter-output>
          </reporter-output>
        </test-method> <!-- Creation -->
        <test-method signature="Ecreation(java.lang.String,java.lang.String,java.lang.String,java.lang.String)[pri:0, instance:com.ebanking.master.Exepom@378542de]" started-at="2021-10-13T16:22:18 IST" name="Ecreation" data-provider="Edata" finished-at="2021-10-13T16:22:20 IST" duration-ms="2117" status="PASS">
          <params>
            <param index="0">
              <value>
                <![CDATA[Anusha]]>
              </value>
            </param>
            <param index="1">
              <value>
                <![CDATA[anusha567]]>
              </value>
            </param>
            <param index="2">
              <value>
                <![CDATA[Accountant]]>
              </value>
            </param>
            <param index="3">
              <value>
                <![CDATA[12]]>
              </value>
            </param>
          </params>
          <reporter-output>
          </reporter-output>
        </test-method> <!-- Ecreation -->
        <test-method signature="Ecreation(java.lang.String,java.lang.String,java.lang.String,java.lang.String)[pri:0, instance:com.ebanking.master.Exepom@378542de]" started-at="2021-10-13T16:22:20 IST" name="Ecreation" data-provider="Edata" finished-at="2021-10-13T16:22:22 IST" duration-ms="2594" status="PASS">
          <params>
            <param index="0">
              <value>
                <![CDATA[Arun]]>
              </value>
            </param>
            <param index="1">
              <value>
                <![CDATA[arun@56]]>
              </value>
            </param>
            <param index="2">
              <value>
                <![CDATA[Accountant]]>
              </value>
            </param>
            <param index="3">
              <value>
                <![CDATA[12]]>
              </value>
            </param>
          </params>
          <reporter-output>
          </reporter-output>
        </test-method> <!-- Ecreation -->
        <test-method signature="Ecreation(java.lang.String,java.lang.String,java.lang.String,java.lang.String)[pri:0, instance:com.ebanking.master.Exepom@378542de]" started-at="2021-10-13T16:22:22 IST" name="Ecreation" data-provider="Edata" finished-at="2021-10-13T16:22:30 IST" duration-ms="7368" status="FAIL">
          <params>
            <param index="0">
              <value>
                <![CDATA[Abhishek]]>
              </value>
            </param>
            <param index="1">
              <value>
                <![CDATA[abhi789]]>
              </value>
            </param>
            <param index="2">
              <value>
                <![CDATA[Accountant]]>
              </value>
            </param>
            <param index="3">
              <value>
                <![CDATA[12]]>
              </value>
            </param>
          </params>
          <exception class="org.openqa.selenium.NoAlertPresentException">
            <message>
              <![CDATA[
Build info: version: '3.141.59', revision: 'e82be7d358', time: '2018-11-14T08:25:53'
System info: host: 'DESKTOP-IRUNKKO', ip: '192.168.0.174', os.name: 'Windows 10', os.arch: 'amd64', os.version: '10.0', java.version: '11'
Driver info: org.openqa.selenium.firefox.FirefoxDriver
Capabilities {acceptInsecureCerts: true, browserName: firefox, browserVersion: 93.0, javascriptEnabled: true, moz:accessibilityChecks: false, moz:buildID: 20210927210923, moz:geckodriverVersion: 0.30.0, moz:headless: false, moz:processID: 14816, moz:profile: C:\Users\Admin\AppData\Loca..., moz:shutdownTimeout: 60000, moz:useNonSpecCompliantPointerOrigin: false, moz:webdriverClick: true, pageLoadStrategy: normal, platform: WINDOWS, platformName: WINDOWS, platformVersion: 10.0, proxy: Proxy(), setWindowRect: true, strictFileInteractability: false, timeouts: {implicit: 0, pageLoad: 300000, script: 30000}, unhandledPromptBehavior: dismiss and notify}
Session ID: 3342faa1-e4c7-415e-a22f-36a50b00cb26]]>
            </message>
            <full-stacktrace>
              <![CDATA[org.openqa.selenium.NoAlertPresentException: 
Build info: version: '3.141.59', revision: 'e82be7d358', time: '2018-11-14T08:25:53'
System info: host: 'DESKTOP-IRUNKKO', ip: '192.168.0.174', os.name: 'Windows 10', os.arch: 'amd64', os.version: '10.0', java.version: '11'
Driver info: org.openqa.selenium.firefox.FirefoxDriver
Capabilities {acceptInsecureCerts: true, browserName: firefox, browserVersion: 93.0, javascriptEnabled: true, moz:accessibilityChecks: false, moz:buildID: 20210927210923, moz:geckodriverVersion: 0.30.0, moz:headless: false, moz:processID: 14816, moz:profile: C:\Users\Admin\AppData\Loca..., moz:shutdownTimeout: 60000, moz:useNonSpecCompliantPointerOrigin: false, moz:webdriverClick: true, pageLoadStrategy: normal, platform: WINDOWS, platformName: WINDOWS, platformVersion: 10.0, proxy: Proxy(), setWindowRect: true, strictFileInteractability: false, timeouts: {implicit: 0, pageLoad: 300000, script: 30000}, unhandledPromptBehavior: dismiss and notify}
Session ID: 3342faa1-e4c7-415e-a22f-36a50b00cb26
at java.base/jdk.internal.reflect.NativeConstructorAccessorImpl.newInstance0(Native Method)
at java.base/jdk.internal.reflect.NativeConstructorAccessorImpl.newInstance(NativeConstructorAccessorImpl.java:62)
at java.base/jdk.internal.reflect.DelegatingConstructorAccessorImpl.newInstance(DelegatingConstructorAccessorImpl.java:45)
at java.base/java.lang.reflect.Constructor.newInstance(Constructor.java:490)
at org.openqa.selenium.remote.http.W3CHttpResponseCodec.createException(W3CHttpResponseCodec.java:187)
at org.openqa.selenium.remote.http.W3CHttpResponseCodec.decode(W3CHttpResponseCodec.java:122)
at org.openqa.selenium.remote.http.W3CHttpResponseCodec.decode(W3CHttpResponseCodec.java:49)
at org.openqa.selenium.remote.HttpCommandExecutor.execute(HttpCommandExecutor.java:158)
at org.openqa.selenium.remote.service.DriverCommandExecutor.execute(DriverCommandExecutor.java:83)
at org.openqa.selenium.remote.RemoteWebDriver.execute(RemoteWebDriver.java:552)
at org.openqa.selenium.remote.RemoteWebDriver.execute(RemoteWebDriver.java:609)
at org.openqa.selenium.remote.RemoteWebDriver$RemoteTargetLocator.alert(RemoteWebDriver.java:932)
at com.ebanking.master.Exepom.Ecreation(Exepom.java:105)
at java.base/jdk.internal.reflect.NativeMethodAccessorImpl.invoke0(Native Method)
at java.base/jdk.internal.reflect.NativeMethodAccessorImpl.invoke(NativeMethodAccessorImpl.java:62)
at java.base/jdk.internal.reflect.DelegatingMethodAccessorImpl.invoke(DelegatingMethodAccessorImpl.java:43)
at java.base/java.lang.reflect.Method.invoke(Method.java:566)
at org.testng.internal.MethodInvocationHelper.invokeMethod(MethodInvocationHelper.java:133)
at org.testng.internal.TestInvoker.invokeMethod(TestInvoker.java:598)
at org.testng.internal.TestInvoker.invokeTestMethod(TestInvoker.java:173)
at org.testng.internal.MethodRunner.runInSequence(MethodRunner.java:46)
at org.testng.internal.TestInvoker$MethodInvocationAgent.invoke(TestInvoker.java:824)
at org.testng.internal.TestInvoker.invokeTestMethods(TestInvoker.java:146)
at org.testng.internal.TestMethodWorker.invokeTestMethods(TestMethodWorker.java:146)
at org.testng.internal.TestMethodWorker.run(TestMethodWorker.java:128)
at java.base/java.util.ArrayList.forEach(ArrayList.java:1540)
at org.testng.TestRunner.privateRun(TestRunner.java:794)
at org.testng.TestRunner.run(TestRunner.java:596)
at org.testng.SuiteRunner.runTest(SuiteRunner.java:377)
at org.testng.SuiteRunner.runSequentially(SuiteRunner.java:371)
at org.testng.SuiteRunner.privateRun(SuiteRunner.java:332)
at org.testng.SuiteRunner.run(SuiteRunner.java:276)
at org.testng.SuiteRunnerWorker.runSuite(SuiteRunnerWorker.java:53)
at org.testng.SuiteRunnerWorker.run(SuiteRunnerWorker.java:96)
at org.testng.TestNG.runSuitesSequentially(TestNG.java:1212)
at org.testng.TestNG.runSuitesLocally(TestNG.java:1134)
at org.testng.TestNG.runSuites(TestNG.java:1063)
at org.testng.TestNG.run(TestNG.java:1031)
at org.testng.remote.AbstractRemoteTestNG.run(AbstractRemoteTestNG.java:115)
at org.testng.remote.RemoteTestNG.initAndRun(RemoteTestNG.java:251)
at org.testng.remote.RemoteTestNG.main(RemoteTestNG.java:77)
]]>
            </full-stacktrace>
          </exception> <!-- org.openqa.selenium.NoAlertPresentException -->
          <reporter-output>
          </reporter-output>
        </test-method> <!-- Ecreation -->
        <test-method signature="Logout()[pri:0, instance:com.ebanking.master.Exepom@378542de]" started-at="2021-10-13T16:22:30 IST" name="Logout" finished-at="2021-10-13T16:22:30 IST" duration-ms="44" status="FAIL">
          <exception class="org.openqa.selenium.NoSuchElementException">
            <message>
              <![CDATA[Unable to locate element: /html/body/table/tbody/tr/td/table/tbody/tr[2]/td/table/tbody/tr/td[4]/table/tbody/tr/td[3]/a/img
For documentation on this error, please visit: https://www.seleniumhq.org/exceptions/no_such_element.html
Build info: version: '3.141.59', revision: 'e82be7d358', time: '2018-11-14T08:25:53'
System info: host: 'DESKTOP-IRUNKKO', ip: '192.168.0.174', os.name: 'Windows 10', os.arch: 'amd64', os.version: '10.0', java.version: '11'
Driver info: org.openqa.selenium.firefox.FirefoxDriver
Capabilities {acceptInsecureCerts: true, browserName: firefox, browserVersion: 93.0, javascriptEnabled: true, moz:accessibilityChecks: false, moz:buildID: 20210927210923, moz:geckodriverVersion: 0.30.0, moz:headless: false, moz:processID: 14816, moz:profile: C:\Users\Admin\AppData\Loca..., moz:shutdownTimeout: 60000, moz:useNonSpecCompliantPointerOrigin: false, moz:webdriverClick: true, pageLoadStrategy: normal, platform: WINDOWS, platformName: WINDOWS, platformVersion: 10.0, proxy: Proxy(), setWindowRect: true, strictFileInteractability: false, timeouts: {implicit: 0, pageLoad: 300000, script: 30000}, unhandledPromptBehavior: dismiss and notify}
Session ID: 3342faa1-e4c7-415e-a22f-36a50b00cb26
*** Element info: {Using=xpath, value=/html/body/table/tbody/tr/td/table/tbody/tr[2]/td/table/tbody/tr/td[4]/table/tbody/tr/td[3]/a/img}]]>
            </message>
            <full-stacktrace>
              <![CDATA[org.openqa.selenium.NoSuchElementException: Unable to locate element: /html/body/table/tbody/tr/td/table/tbody/tr[2]/td/table/tbody/tr/td[4]/table/tbody/tr/td[3]/a/img
For documentation on this error, please visit: https://www.seleniumhq.org/exceptions/no_such_element.html
Build info: version: '3.141.59', revision: 'e82be7d358', time: '2018-11-14T08:25:53'
System info: host: 'DESKTOP-IRUNKKO', ip: '192.168.0.174', os.name: 'Windows 10', os.arch: 'amd64', os.version: '10.0', java.version: '11'
Driver info: org.openqa.selenium.firefox.FirefoxDriver
Capabilities {acceptInsecureCerts: true, browserName: firefox, browserVersion: 93.0, javascriptEnabled: true, moz:accessibilityChecks: false, moz:buildID: 20210927210923, moz:geckodriverVersion: 0.30.0, moz:headless: false, moz:processID: 14816, moz:profile: C:\Users\Admin\AppData\Loca..., moz:shutdownTimeout: 60000, moz:useNonSpecCompliantPointerOrigin: false, moz:webdriverClick: true, pageLoadStrategy: normal, platform: WINDOWS, platformName: WINDOWS, platformVersion: 10.0, proxy: Proxy(), setWindowRect: true, strictFileInteractability: false, timeouts: {implicit: 0, pageLoad: 300000, script: 30000}, unhandledPromptBehavior: dismiss and notify}
Session ID: 3342faa1-e4c7-415e-a22f-36a50b00cb26
*** Element info: {Using=xpath, value=/html/body/table/tbody/tr/td/table/tbody/tr[2]/td/table/tbody/tr/td[4]/table/tbody/tr/td[3]/a/img}
at java.base/jdk.internal.reflect.NativeConstructorAccessorImpl.newInstance0(Native Method)
at java.base/jdk.internal.reflect.NativeConstructorAccessorImpl.newInstance(NativeConstructorAccessorImpl.java:62)
at java.base/jdk.internal.reflect.DelegatingConstructorAccessorImpl.newInstance(DelegatingConstructorAccessorImpl.java:45)
at java.base/java.lang.reflect.Constructor.newInstance(Constructor.java:490)
at org.openqa.selenium.remote.http.W3CHttpResponseCodec.createException(W3CHttpResponseCodec.java:187)
at org.openqa.selenium.remote.http.W3CHttpResponseCodec.decode(W3CHttpResponseCodec.java:122)
at org.openqa.selenium.remote.http.W3CHttpResponseCodec.decode(W3CHttpResponseCodec.java:49)
at org.openqa.selenium.remote.HttpCommandExecutor.execute(HttpCommandExecutor.java:158)
at org.openqa.selenium.remote.service.DriverCommandExecutor.execute(DriverCommandExecutor.java:83)
at org.openqa.selenium.remote.RemoteWebDriver.execute(RemoteWebDriver.java:552)
at org.openqa.selenium.remote.RemoteWebDriver.findElement(RemoteWebDriver.java:323)
at org.openqa.selenium.remote.RemoteWebDriver.findElementByXPath(RemoteWebDriver.java:428)
at org.openqa.selenium.By$ByXPath.findElement(By.java:353)
at org.openqa.selenium.remote.RemoteWebDriver.findElement(RemoteWebDriver.java:315)
at org.openqa.selenium.support.pagefactory.DefaultElementLocator.findElement(DefaultElementLocator.java:69)
at org.openqa.selenium.support.pagefactory.internal.LocatingElementHandler.invoke(LocatingElementHandler.java:38)
at com.sun.proxy.$Proxy11.click(Unknown Source)
at com.ebanking.master.AdminHp.Lout(AdminHp.java:44)
at com.ebanking.master.Exepom.Logout(Exepom.java:186)
at java.base/jdk.internal.reflect.NativeMethodAccessorImpl.invoke0(Native Method)
at java.base/jdk.internal.reflect.NativeMethodAccessorImpl.invoke(NativeMethodAccessorImpl.java:62)
at java.base/jdk.internal.reflect.DelegatingMethodAccessorImpl.invoke(DelegatingMethodAccessorImpl.java:43)
at java.base/java.lang.reflect.Method.invoke(Method.java:566)
at org.testng.internal.MethodInvocationHelper.invokeMethod(MethodInvocationHelper.java:133)
at org.testng.internal.TestInvoker.invokeMethod(TestInvoker.java:598)
at org.testng.internal.TestInvoker.invokeTestMethod(TestInvoker.java:173)
at org.testng.internal.MethodRunner.runInSequence(MethodRunner.java:46)
at org.testng.internal.TestInvoker$MethodInvocationAgent.invoke(TestInvoker.java:824)
at org.testng.internal.TestInvoker.invokeTestMethods(TestInvoker.java:146)
at org.testng.internal.TestMethodWorker.invokeTestMethods(TestMethodWorker.java:146)
at org.testng.internal.TestMethodWorker.run(TestMethodWorker.java:128)
at java.base/java.util.ArrayList.forEach(ArrayList.java:1540)
at org.testng.TestRunner.privateRun(TestRunner.java:794)
at org.testng.TestRunner.run(TestRunner.java:596)
at org.testng.SuiteRunner.runTest(SuiteRunner.java:377)
at org.testng.SuiteRunner.runSequentially(SuiteRunner.java:371)
at org.testng.SuiteRunner.privateRun(SuiteRunner.java:332)
at org.testng.SuiteRunner.run(SuiteRunner.java:276)
at org.testng.SuiteRunnerWorker.runSuite(SuiteRunnerWorker.java:53)
at org.testng.SuiteRunnerWorker.run(SuiteRunnerWorker.java:96)
at org.testng.TestNG.runSuitesSequentially(TestNG.java:1212)
at org.testng.TestNG.runSuitesLocally(TestNG.java:1134)
at org.testng.TestNG.runSuites(TestNG.java:1063)
at org.testng.TestNG.run(TestNG.java:1031)
at org.testng.remote.AbstractRemoteTestNG.run(AbstractRemoteTestNG.java:115)
at org.testng.remote.RemoteTestNG.initAndRun(RemoteTestNG.java:251)
at org.testng.remote.RemoteTestNG.main(RemoteTestNG.java:77)
]]>
            </full-stacktrace>
          </exception> <!-- org.openqa.selenium.NoSuchElementException -->
          <reporter-output>
          </reporter-output>
        </test-method> <!-- Logout -->
      </class> <!-- com.ebanking.master.Exepom -->
    </test> <!-- Default test -->
  </suite> <!-- Default suite -->
</testng-results>
